0 info it worked if it ends with ok
1 verbose cli [ '/usr/local/Cellar/node/6.2.2/bin/node',
1 verbose cli   '/usr/local/bin/npm',
1 verbose cli   'run',
1 verbose cli   'build-dist' ]
2 info using npm@3.9.5
3 info using node@v6.2.2
4 verbose run-script [ 'prebuild-dist', 'build-dist', 'postbuild-dist' ]
5 info lifecycle jekyll-theme-build@1.0.0~prebuild-dist: jekyll-theme-build@1.0.0
6 silly lifecycle jekyll-theme-build@1.0.0~prebuild-dist: no script for prebuild-dist, continuing
7 info lifecycle jekyll-theme-build@1.0.0~build-dist: jekyll-theme-build@1.0.0
8 verbose lifecycle jekyll-theme-build@1.0.0~build-dist: unsafe-perm in lifecycle true
9 verbose lifecycle jekyll-theme-build@1.0.0~build-dist: PATH: /usr/local/lib/node_modules/npm/bin/node-gyp-bin:/Users/thubbard/Projects/margocss.github.io/node_modules/.bin:/usr/local/Cellar/node/6.2.2/bin:/Users/thubbard/.rbenv/shims:/Users/thubbard/.rbenv/versions/2.2.3/lib/ruby/gems/2.2.0/gems:/Users/thubbard/.rbenv/bin:/usr/local/bin:/usr/bin:/bin:/usr/sbin:/sbin
10 verbose lifecycle jekyll-theme-build@1.0.0~build-dist: CWD: /Users/thubbard/Projects/margocss.github.io
11 silly lifecycle jekyll-theme-build@1.0.0~build-dist: Args: [ '-c',
11 silly lifecycle   'gulp dist && bash ./exec/make-dist.sh && npm run zip-dist-and-distribute ' ]
12 silly lifecycle jekyll-theme-build@1.0.0~build-dist: Returned: code: 1  signal: null
13 info lifecycle jekyll-theme-build@1.0.0~build-dist: Failed to exec build-dist script
14 verbose stack Error: jekyll-theme-build@1.0.0 build-dist: `gulp dist && bash ./exec/make-dist.sh && npm run zip-dist-and-distribute `
14 verbose stack Exit status 1
14 verbose stack     at EventEmitter.<anonymous> (/usr/local/lib/node_modules/npm/lib/utils/lifecycle.js:245:16)
14 verbose stack     at emitTwo (events.js:106:13)
14 verbose stack     at EventEmitter.emit (events.js:191:7)
14 verbose stack     at ChildProcess.<anonymous> (/usr/local/lib/node_modules/npm/lib/utils/spawn.js:24:14)
14 verbose stack     at emitTwo (events.js:106:13)
14 verbose stack     at ChildProcess.emit (events.js:191:7)
14 verbose stack     at maybeClose (internal/child_process.js:852:16)
14 verbose stack     at Process.ChildProcess._handle.onexit (internal/child_process.js:215:5)
15 verbose pkgid jekyll-theme-build@1.0.0
16 verbose cwd /Users/thubbard/Projects/margocss.github.io
17 error Darwin 15.4.0
18 error argv "/usr/local/Cellar/node/6.2.2/bin/node" "/usr/local/bin/npm" "run" "build-dist"
19 error node v6.2.2
20 error npm  v3.9.5
21 error code ELIFECYCLE
22 error jekyll-theme-build@1.0.0 build-dist: `gulp dist && bash ./exec/make-dist.sh && npm run zip-dist-and-distribute `
22 error Exit status 1
23 error Failed at the jekyll-theme-build@1.0.0 build-dist script 'gulp dist && bash ./exec/make-dist.sh && npm run zip-dist-and-distribute '.
23 error Make sure you have the latest version of node.js and npm installed.
23 error If you do, this is most likely a problem with the jekyll-theme-build package,
23 error not with npm itself.
23 error Tell the author that this fails on your system:
23 error     gulp dist && bash ./exec/make-dist.sh && npm run zip-dist-and-distribute
23 error You can get information on how to open an issue for this project with:
23 error     npm bugs jekyll-theme-build
23 error Or if that isn't available, you can get their info via:
23 error     npm owner ls jekyll-theme-build
23 error There is likely additional logging output above.
24 verbose exit [ 1, true ]
